<?xml version="1.0" encoding="UTF-8"?>
<coverage generated="1740078647919" clover="3.2.0">
  <project timestamp="1740078647919" name="All files">
    <metrics statements="92" coveredstatements="62" conditionals="19" coveredconditionals="7" methods="15" coveredmethods="12" elements="126" coveredelements="81" complexity="0" loc="92" ncloc="92" packages="1" files="5" classes="5"/>
    <file name="client.ts" path="/Users/esfabionopablo/Documents/FoodSense/Foodsense Website/foodsense-website/src/lib/hubspot/client.ts">
      <metrics statements="53" coveredstatements="30" conditionals="11" coveredconditionals="3" methods="5" coveredmethods="3"/>
      <line num="1" count="5" type="stmt"/>
      <line num="12" count="5" type="cond" truecount="1" falsecount="0"/>
      <line num="13" count="1" type="stmt"/>
      <line num="17" count="4" type="stmt"/>
      <line num="19" count="0" type="stmt"/>
      <line num="20" count="4" type="cond" truecount="1" falsecount="0"/>
      <line num="21" count="4" type="stmt"/>
      <line num="25" count="3" type="stmt"/>
      <line num="28" count="4" type="stmt"/>
      <line num="33" count="2" type="stmt"/>
      <line num="36" count="2" type="stmt"/>
      <line num="38" count="2" type="stmt"/>
      <line num="49" count="2" type="stmt"/>
      <line num="69" count="1" type="stmt"/>
      <line num="71" count="1" type="cond" truecount="0" falsecount="1"/>
      <line num="72" count="0" type="stmt"/>
      <line num="76" count="1" type="stmt"/>
      <line num="85" count="1" type="stmt"/>
      <line num="88" count="1" type="stmt"/>
      <line num="92" count="1" type="cond" truecount="1" falsecount="1"/>
      <line num="94" count="0" type="stmt"/>
      <line num="95" count="0" type="stmt"/>
      <line num="97" count="0" type="stmt"/>
      <line num="103" count="0" type="stmt"/>
      <line num="104" count="0" type="stmt"/>
      <line num="107" count="1" type="stmt"/>
      <line num="108" count="1" type="stmt"/>
      <line num="112" count="1" type="stmt"/>
      <line num="113" count="1" type="stmt"/>
      <line num="116" count="1" type="stmt"/>
      <line num="117" count="1" type="stmt"/>
      <line num="128" count="0" type="stmt"/>
      <line num="129" count="0" type="stmt"/>
      <line num="137" count="0" type="stmt"/>
      <line num="150" count="0" type="stmt"/>
      <line num="152" count="0" type="stmt"/>
      <line num="153" count="0" type="stmt"/>
      <line num="163" count="1" type="stmt"/>
      <line num="167" count="1" type="stmt"/>
      <line num="168" count="1" type="stmt"/>
      <line num="171" count="1" type="stmt"/>
      <line num="185" count="0" type="stmt"/>
      <line num="197" count="0" type="stmt"/>
      <line num="198" count="0" type="stmt"/>
      <line num="201" count="0" type="cond" truecount="0" falsecount="2"/>
      <line num="203" count="0" type="stmt"/>
      <line num="204" count="0" type="stmt"/>
      <line num="210" count="0" type="stmt"/>
      <line num="214" count="0" type="stmt"/>
      <line num="218" count="0" type="stmt"/>
      <line num="220" count="0" type="stmt"/>
      <line num="222" count="1" type="stmt"/>
      <line num="223" count="1" type="stmt"/>
    </file>
    <file name="errors.ts" path="/Users/esfabionopablo/Documents/FoodSense/Foodsense Website/foodsense-website/src/lib/hubspot/errors.ts">
      <metrics statements="9" coveredstatements="6" conditionals="0" coveredconditionals="0" methods="3" coveredmethods="2"/>
      <line num="1" count="1" type="stmt"/>
      <line num="3" count="2" type="stmt"/>
      <line num="4" count="2" type="stmt"/>
      <line num="8" count="1" type="stmt"/>
      <line num="10" count="1" type="stmt"/>
      <line num="11" count="1" type="stmt"/>
      <line num="15" count="0" type="stmt"/>
      <line num="17" count="0" type="stmt"/>
      <line num="18" count="0" type="stmt"/>
    </file>
    <file name="transforms.ts" path="/Users/esfabionopablo/Documents/FoodSense/Foodsense Website/foodsense-website/src/lib/hubspot/transforms.ts">
      <metrics statements="16" coveredstatements="16" conditionals="8" coveredconditionals="4" methods="5" coveredmethods="5"/>
      <line num="6" count="1" type="stmt"/>
      <line num="7" count="2" type="stmt"/>
      <line num="8" count="2" type="stmt"/>
      <line num="17" count="1" type="stmt"/>
      <line num="19" count="1" type="stmt"/>
      <line num="24" count="1" type="stmt"/>
      <line num="34" count="2" type="cond" truecount="1" falsecount="1"/>
      <line num="45" count="2" type="stmt"/>
      <line num="52" count="1" type="stmt"/>
      <line num="57" count="1" type="stmt"/>
      <line num="63" count="1" type="stmt"/>
      <line num="65" count="1" type="stmt"/>
      <line num="66" count="1" type="stmt"/>
      <line num="72" count="1" type="stmt"/>
      <line num="82" count="1" type="stmt"/>
      <line num="84" count="1" type="stmt"/>
    </file>
    <file name="types.ts" path="/Users/esfabionopablo/Documents/FoodSense/Foodsense Website/foodsense-website/src/lib/hubspot/types.ts">
      <metrics statements="3" coveredstatements="0" conditionals="0" coveredconditionals="0" methods="0" coveredmethods="0"/>
      <line num="1" count="0" type="stmt"/>
      <line num="31" count="0" type="stmt"/>
      <line num="39" count="0" type="stmt"/>
    </file>
    <file name="utils.ts" path="/Users/esfabionopablo/Documents/FoodSense/Foodsense Website/foodsense-website/src/lib/hubspot/utils.ts">
      <metrics statements="11" coveredstatements="10" conditionals="0" coveredconditionals="0" methods="2" coveredmethods="2"/>
      <line num="1" count="1" type="stmt"/>
      <line num="4" count="2" type="stmt"/>
      <line num="5" count="2" type="stmt"/>
      <line num="6" count="2" type="stmt"/>
      <line num="7" count="0" type="stmt"/>
      <line num="9" count="2" type="stmt"/>
      <line num="13" count="2" type="stmt"/>
      <line num="14" count="2" type="stmt"/>
      <line num="15" count="2" type="stmt"/>
      <line num="17" count="1" type="stmt"/>
      <line num="18" count="1" type="stmt"/>
    </file>
  </project>
</coverage>
