{"/Users/esfabionopablo/Documents/FoodSense/Foodsense Website/foodsense-website/src/lib/hubspot/client.ts": {"path":"/Users/esfabionopablo/Documents/FoodSense/Foodsense Website/foodsense-website/src/lib/hubspot/client.ts","statementMap":{"0":{"start":{"line":163,"column":22},"end":{"line":163,"column":46}},"1":{"start":{"line":33,"column":22},"end":{"line":33,"column":43}},"2":{"start":{"line":19,"column":16},"end":{"line":19,"column":32}},"3":{"start":{"line":28,"column":13},"end":{"line":28,"column":26}},"4":{"start":{"line":1,"column":23},"end":{"line":1,"column":null}},"5":{"start":{"line":12,"column":0},"end":{"line":14,"column":null}},"6":{"start":{"line":13,"column":2},"end":{"line":13,"column":null}},"7":{"start":{"line":17,"column":36},"end":{"line":17,"column":null}},"8":{"start":{"line":20,"column":2},"end":{"line":24,"column":null}},"9":{"start":{"line":21,"column":4},"end":{"line":23,"column":null}},"10":{"start":{"line":25,"column":2},"end":{"line":25,"column":null}},"11":{"start":{"line":28,"column":29},"end":{"line":28,"column":null}},"12":{"start":{"line":36,"column":2},"end":{"line":118,"column":null}},"13":{"start":{"line":38,"column":4},"end":{"line":46,"column":null}},"14":{"start":{"line":49,"column":27},"end":{"line":66,"column":null}},"15":{"start":{"line":69,"column":4},"end":{"line":69,"column":null}},"16":{"start":{"line":71,"column":4},"end":{"line":73,"column":null}},"17":{"start":{"line":72,"column":6},"end":{"line":72,"column":null}},"18":{"start":{"line":76,"column":30},"end":{"line":82,"column":null}},"19":{"start":{"line":85,"column":4},"end":{"line":85,"column":null}},"20":{"start":{"line":88,"column":4},"end":{"line":90,"column":null}},"21":{"start":{"line":92,"column":4},"end":{"line":114,"column":null}},"22":{"start":{"line":94,"column":24},"end":{"line":94,"column":52}},"23":{"start":{"line":95,"column":6},"end":{"line":95,"column":null}},"24":{"start":{"line":97,"column":29},"end":{"line":101,"column":null}},"25":{"start":{"line":103,"column":6},"end":{"line":103,"column":null}},"26":{"start":{"line":104,"column":6},"end":{"line":104,"column":null}},"27":{"start":{"line":107,"column":6},"end":{"line":107,"column":null}},"28":{"start":{"line":108,"column":29},"end":{"line":111,"column":null}},"29":{"start":{"line":112,"column":6},"end":{"line":112,"column":null}},"30":{"start":{"line":113,"column":6},"end":{"line":113,"column":null}},"31":{"start":{"line":116,"column":4},"end":{"line":116,"column":null}},"32":{"start":{"line":117,"column":4},"end":{"line":117,"column":null}},"33":{"start":{"line":128,"column":2},"end":{"line":157,"column":null}},"34":{"start":{"line":129,"column":4},"end":{"line":133,"column":null}},"35":{"start":{"line":137,"column":4},"end":{"line":148,"column":null}},"36":{"start":{"line":150,"column":4},"end":{"line":150,"column":null}},"37":{"start":{"line":152,"column":4},"end":{"line":152,"column":null}},"38":{"start":{"line":153,"column":4},"end":{"line":155,"column":null}},"39":{"start":{"line":167,"column":2},"end":{"line":224,"column":null}},"40":{"start":{"line":168,"column":4},"end":{"line":168,"column":null}},"41":{"start":{"line":171,"column":27},"end":{"line":183,"column":null}},"42":{"start":{"line":185,"column":30},"end":{"line":194,"column":null}},"43":{"start":{"line":197,"column":28},"end":{"line":198,"column":null}},"44":{"start":{"line":198,"column":39},"end":{"line":198,"column":88}},"45":{"start":{"line":201,"column":4},"end":{"line":215,"column":null}},"46":{"start":{"line":203,"column":6},"end":{"line":203,"column":null}},"47":{"start":{"line":204,"column":6},"end":{"line":206,"column":null}},"48":{"start":{"line":210,"column":22},"end":{"line":213,"column":null}},"49":{"start":{"line":214,"column":6},"end":{"line":214,"column":null}},"50":{"start":{"line":218,"column":4},"end":{"line":218,"column":null}},"51":{"start":{"line":220,"column":4},"end":{"line":220,"column":null}},"52":{"start":{"line":222,"column":4},"end":{"line":222,"column":null}},"53":{"start":{"line":223,"column":4},"end":{"line":223,"column":null}}},"fnMap":{"0":{"name":"getHubspotClient","decl":{"start":{"line":19,"column":16},"end":{"line":19,"column":32}},"loc":{"start":{"line":19,"column":16},"end":{"line":26,"column":null}}},"1":{"name":"createOrUpdateCompany","decl":{"start":{"line":33,"column":22},"end":{"line":33,"column":43}},"loc":{"start":{"line":34,"column":38},"end":{"line":119,"column":null}}},"2":{"name":"createBidirectionalAssociation","decl":{"start":{"line":124,"column":15},"end":{"line":124,"column":null}},"loc":{"start":{"line":126,"column":19},"end":{"line":158,"column":null}}},"3":{"name":"createContactWithCompany","decl":{"start":{"line":163,"column":22},"end":{"line":163,"column":46}},"loc":{"start":{"line":165,"column":19},"end":{"line":225,"column":null}}},"4":{"name":"(anonymous_9)","decl":{"start":{"line":198,"column":6},"end":{"line":198,"column":7}},"loc":{"start":{"line":198,"column":39},"end":{"line":198,"column":88}}}},"branchMap":{"0":{"loc":{"start":{"line":12,"column":0},"end":{"line":14,"column":null}},"type":"if","locations":[{"start":{"line":12,"column":0},"end":{"line":14,"column":null}}]},"1":{"loc":{"start":{"line":20,"column":2},"end":{"line":24,"column":null}},"type":"if","locations":[{"start":{"line":20,"column":2},"end":{"line":24,"column":null}}]},"2":{"loc":{"start":{"line":71,"column":4},"end":{"line":73,"column":null}},"type":"if","locations":[{"start":{"line":71,"column":4},"end":{"line":73,"column":null}}]},"3":{"loc":{"start":{"line":92,"column":4},"end":{"line":114,"column":null}},"type":"if","locations":[{"start":{"line":92,"column":4},"end":{"line":114,"column":null}},{"start":{"line":105,"column":11},"end":{"line":114,"column":null}}]},"4":{"loc":{"start":{"line":155,"column":9},"end":{"line":155,"column":64}},"type":"cond-expr","locations":[{"start":{"line":155,"column":34},"end":{"line":155,"column":47}},{"start":{"line":155,"column":50},"end":{"line":155,"column":64}}]},"5":{"loc":{"start":{"line":192,"column":15},"end":{"line":192,"column":null}},"type":"binary-expr","locations":[{"start":{"line":192,"column":15},"end":{"line":192,"column":31}},{"start":{"line":192,"column":35},"end":{"line":192,"column":null}}]},"6":{"loc":{"start":{"line":201,"column":4},"end":{"line":215,"column":null}},"type":"if","locations":[{"start":{"line":201,"column":4},"end":{"line":215,"column":null}},{"start":{"line":208,"column":11},"end":{"line":215,"column":null}}]}},"s":{"0":1,"1":2,"2":0,"3":0,"4":5,"5":5,"6":1,"7":4,"8":4,"9":4,"10":3,"11":4,"12":2,"13":2,"14":2,"15":1,"16":1,"17":0,"18":1,"19":1,"20":1,"21":1,"22":0,"23":0,"24":0,"25":0,"26":0,"27":1,"28":1,"29":1,"30":1,"31":1,"32":1,"33":0,"34":0,"35":0,"36":0,"37":0,"38":0,"39":1,"40":1,"41":1,"42":0,"43":0,"44":0,"45":0,"46":0,"47":0,"48":0,"49":0,"50":0,"51":0,"52":1,"53":1},"f":{"0":4,"1":2,"2":0,"3":1,"4":0},"b":{"0":[1],"1":[4],"2":[0],"3":[0,1],"4":[0,0],"5":[0,0],"6":[0,0]}}
,"/Users/esfabionopablo/Documents/FoodSense/Foodsense Website/foodsense-website/src/lib/hubspot/errors.ts": {"path":"/Users/esfabionopablo/Documents/FoodSense/Foodsense Website/foodsense-website/src/lib/hubspot/errors.ts","statementMap":{"0":{"start":{"line":15,"column":13},"end":{"line":15,"column":39}},"1":{"start":{"line":1,"column":13},"end":{"line":1,"column":25}},"2":{"start":{"line":8,"column":13},"end":{"line":8,"column":34}},"3":{"start":{"line":3,"column":4},"end":{"line":2,"column":75}},"4":{"start":{"line":4,"column":4},"end":{"line":4,"column":null}},"5":{"start":{"line":10,"column":4},"end":{"line":10,"column":null}},"6":{"start":{"line":11,"column":4},"end":{"line":11,"column":null}},"7":{"start":{"line":17,"column":4},"end":{"line":17,"column":null}},"8":{"start":{"line":18,"column":4},"end":{"line":18,"column":null}}},"fnMap":{"0":{"name":"(anonymous_4)","decl":{"start":{"line":2,"column":2},"end":{"line":2,"column":14}},"loc":{"start":{"line":2,"column":77},"end":{"line":5,"column":null}}},"1":{"name":"(anonymous_5)","decl":{"start":{"line":9,"column":2},"end":{"line":9,"column":14}},"loc":{"start":{"line":9,"column":31},"end":{"line":12,"column":null}}},"2":{"name":"(anonymous_6)","decl":{"start":{"line":16,"column":2},"end":{"line":16,"column":14}},"loc":{"start":{"line":16,"column":31},"end":{"line":19,"column":null}}}},"branchMap":{},"s":{"0":0,"1":1,"2":1,"3":2,"4":2,"5":1,"6":1,"7":0,"8":0},"f":{"0":2,"1":1,"2":0},"b":{}}
,"/Users/esfabionopablo/Documents/FoodSense/Foodsense Website/foodsense-website/src/lib/hubspot/transforms.ts": {"path":"/Users/esfabionopablo/Documents/FoodSense/Foodsense Website/foodsense-website/src/lib/hubspot/transforms.ts","statementMap":{"0":{"start":{"line":17,"column":16},"end":{"line":17,"column":42}},"1":{"start":{"line":63,"column":16},"end":{"line":63,"column":42}},"2":{"start":{"line":6,"column":16},"end":{"line":6,"column":29}},"3":{"start":{"line":7,"column":40},"end":{"line":7,"column":null}},"4":{"start":{"line":8,"column":2},"end":{"line":11,"column":null}},"5":{"start":{"line":19,"column":2},"end":{"line":22,"column":null}},"6":{"start":{"line":24,"column":26},"end":{"line":49,"column":null}},"7":{"start":{"line":34,"column":15},"end":{"line":39,"column":null}},"8":{"start":{"line":45,"column":28},"end":{"line":45,"column":49}},"9":{"start":{"line":52,"column":2},"end":{"line":55,"column":null}},"10":{"start":{"line":57,"column":2},"end":{"line":57,"column":null}},"11":{"start":{"line":65,"column":34},"end":{"line":65,"column":null}},"12":{"start":{"line":66,"column":2},"end":{"line":70,"column":null}},"13":{"start":{"line":72,"column":54},"end":{"line":79,"column":null}},"14":{"start":{"line":82,"column":2},"end":{"line":82,"column":null}},"15":{"start":{"line":84,"column":2},"end":{"line":84,"column":null}}},"fnMap":{"0":{"name":"transformName","decl":{"start":{"line":6,"column":16},"end":{"line":6,"column":29}},"loc":{"start":{"line":6,"column":46},"end":{"line":12,"column":null}}},"1":{"name":"transformCompanyProperties","decl":{"start":{"line":17,"column":16},"end":{"line":17,"column":42}},"loc":{"start":{"line":17,"column":66},"end":{"line":58,"column":null}}},"2":{"name":"(anonymous_6)","decl":{"start":{"line":33,"column":12},"end":{"line":33,"column":13}},"loc":{"start":{"line":34,"column":15},"end":{"line":39,"column":null}}},"3":{"name":"(anonymous_7)","decl":{"start":{"line":45,"column":15},"end":{"line":45,"column":16}},"loc":{"start":{"line":45,"column":28},"end":{"line":45,"column":49}}},"4":{"name":"transformContactProperties","decl":{"start":{"line":63,"column":16},"end":{"line":63,"column":42}},"loc":{"start":{"line":63,"column":66},"end":{"line":85,"column":null}}}},"branchMap":{"0":{"loc":{"start":{"line":27,"column":28},"end":{"line":27,"column":null}},"type":"binary-expr","locations":[{"start":{"line":27,"column":28},"end":{"line":27,"column":46}},{"start":{"line":27,"column":50},"end":{"line":27,"column":null}}]},"1":{"loc":{"start":{"line":30,"column":23},"end":{"line":42,"column":null}},"type":"cond-expr","locations":[{"start":{"line":31,"column":8},"end":{"line":41,"column":null}},{"start":{"line":42,"column":8},"end":{"line":42,"column":null}}]},"2":{"loc":{"start":{"line":34,"column":15},"end":{"line":39,"column":null}},"type":"binary-expr","locations":[{"start":{"line":34,"column":15},"end":{"line":39,"column":18}},{"start":{"line":39,"column":22},"end":{"line":39,"column":null}}]},"3":{"loc":{"start":{"line":43,"column":25},"end":{"line":48,"column":null}},"type":"cond-expr","locations":[{"start":{"line":44,"column":8},"end":{"line":47,"column":null}},{"start":{"line":48,"column":8},"end":{"line":48,"column":null}}]}},"s":{"0":1,"1":1,"2":1,"3":2,"4":2,"5":1,"6":1,"7":2,"8":2,"9":1,"10":1,"11":1,"12":1,"13":1,"14":1,"15":1},"f":{"0":2,"1":1,"2":2,"3":2,"4":1},"b":{"0":[1,0],"1":[1,0],"2":[2,0],"3":[1,0]}}
,"/Users/esfabionopablo/Documents/FoodSense/Foodsense Website/foodsense-website/src/lib/hubspot/types.ts": {"path":"/Users/esfabionopablo/Documents/FoodSense/Foodsense Website/foodsense-website/src/lib/hubspot/types.ts","statementMap":{"0":{"start":{"line":31,"column":13},"end":{"line":31,"column":30}},"1":{"start":{"line":39,"column":13},"end":{"line":39,"column":24}},"2":{"start":{"line":1,"column":13},"end":{"line":1,"column":29}},"3":{"start":{"line":1,"column":32},"end":{"line":8,"column":null}},"4":{"start":{"line":31,"column":33},"end":{"line":37,"column":null}},"5":{"start":{"line":39,"column":27},"end":{"line":47,"column":null}}},"fnMap":{},"branchMap":{},"s":{"0":0,"1":0,"2":0,"3":0,"4":0,"5":0},"f":{},"b":{}}
,"/Users/esfabionopablo/Documents/FoodSense/Foodsense Website/foodsense-website/src/lib/hubspot/utils.ts": {"path":"/Users/esfabionopablo/Documents/FoodSense/Foodsense Website/foodsense-website/src/lib/hubspot/utils.ts","statementMap":{"0":{"start":{"line":4,"column":22},"end":{"line":4,"column":40}},"1":{"start":{"line":13,"column":22},"end":{"line":13,"column":36}},"2":{"start":{"line":1,"column":33},"end":{"line":1,"column":null}},"3":{"start":{"line":5,"column":2},"end":{"line":10,"column":null}},"4":{"start":{"line":6,"column":4},"end":{"line":6,"column":null}},"5":{"start":{"line":7,"column":4},"end":{"line":7,"column":null}},"6":{"start":{"line":9,"column":4},"end":{"line":9,"column":null}},"7":{"start":{"line":14,"column":2},"end":{"line":19,"column":null}},"8":{"start":{"line":15,"column":4},"end":{"line":15,"column":null}},"9":{"start":{"line":17,"column":4},"end":{"line":17,"column":null}},"10":{"start":{"line":18,"column":4},"end":{"line":18,"column":null}}},"fnMap":{"0":{"name":"cleanupTestCompany","decl":{"start":{"line":4,"column":22},"end":{"line":4,"column":40}},"loc":{"start":{"line":4,"column":58},"end":{"line":11,"column":null}}},"1":{"name":"getTestCompany","decl":{"start":{"line":13,"column":22},"end":{"line":13,"column":36}},"loc":{"start":{"line":13,"column":54},"end":{"line":20,"column":null}}}},"branchMap":{},"s":{"0":2,"1":2,"2":1,"3":2,"4":2,"5":0,"6":2,"7":2,"8":2,"9":1,"10":1},"f":{"0":2,"1":2},"b":{}}
}
