TN:
SF:src/lib/hubspot/client.ts
FN:19,getHubspotClient
FN:33,createOrUpdateCompany
FN:124,createBidirectionalAssociation
FN:163,createContactWithCompany
FN:198,(anonymous_9)
FNF:5
FNH:3
FNDA:4,getHubspotClient
FNDA:2,createOrUpdateCompany
FNDA:0,createBidirectionalAssociation
FNDA:1,createContactWithCompany
FNDA:0,(anonymous_9)
DA:1,5
DA:12,5
DA:13,1
DA:17,4
DA:19,0
DA:20,4
DA:21,4
DA:25,3
DA:28,4
DA:33,2
DA:36,2
DA:38,2
DA:49,2
DA:69,1
DA:71,1
DA:72,0
DA:76,1
DA:85,1
DA:88,1
DA:92,1
DA:94,0
DA:95,0
DA:97,0
DA:103,0
DA:104,0
DA:107,1
DA:108,1
DA:112,1
DA:113,1
DA:116,1
DA:117,1
DA:128,0
DA:129,0
DA:137,0
DA:150,0
DA:152,0
DA:153,0
DA:163,1
DA:167,1
DA:168,1
DA:171,1
DA:185,0
DA:197,0
DA:198,0
DA:201,0
DA:203,0
DA:204,0
DA:210,0
DA:214,0
DA:218,0
DA:220,0
DA:222,1
DA:223,1
LF:53
LH:30
BRDA:12,0,0,1
BRDA:20,1,0,4
BRDA:71,2,0,0
BRDA:92,3,0,0
BRDA:92,3,1,1
BRDA:155,4,0,0
BRDA:155,4,1,0
BRDA:192,5,0,0
BRDA:192,5,1,0
BRDA:201,6,0,0
BRDA:201,6,1,0
BRF:11
BRH:3
end_of_record
TN:
SF:src/lib/hubspot/errors.ts
FN:2,(anonymous_4)
FN:9,(anonymous_5)
FN:16,(anonymous_6)
FNF:3
FNH:2
FNDA:2,(anonymous_4)
FNDA:1,(anonymous_5)
FNDA:0,(anonymous_6)
DA:1,1
DA:3,2
DA:4,2
DA:8,1
DA:10,1
DA:11,1
DA:15,0
DA:17,0
DA:18,0
LF:9
LH:6
BRF:0
BRH:0
end_of_record
TN:
SF:src/lib/hubspot/transforms.ts
FN:6,transformName
FN:17,transformCompanyProperties
FN:33,(anonymous_6)
FN:45,(anonymous_7)
FN:63,transformContactProperties
FNF:5
FNH:5
FNDA:2,transformName
FNDA:1,transformCompanyProperties
FNDA:2,(anonymous_6)
FNDA:2,(anonymous_7)
FNDA:1,transformContactProperties
DA:6,1
DA:7,2
DA:8,2
DA:17,1
DA:19,1
DA:24,1
DA:34,2
DA:45,2
DA:52,1
DA:57,1
DA:63,1
DA:65,1
DA:66,1
DA:72,1
DA:82,1
DA:84,1
LF:16
LH:16
BRDA:27,0,0,1
BRDA:27,0,1,0
BRDA:30,1,0,1
BRDA:30,1,1,0
BRDA:34,2,0,2
BRDA:34,2,1,0
BRDA:43,3,0,1
BRDA:43,3,1,0
BRF:8
BRH:4
end_of_record
TN:
SF:src/lib/hubspot/types.ts
FNF:0
FNH:0
DA:1,0
DA:31,0
DA:39,0
LF:3
LH:0
BRF:0
BRH:0
end_of_record
TN:
SF:src/lib/hubspot/utils.ts
FN:4,cleanupTestCompany
FN:13,getTestCompany
FNF:2
FNH:2
FNDA:2,cleanupTestCompany
FNDA:2,getTestCompany
DA:1,1
DA:4,2
DA:5,2
DA:6,2
DA:7,0
DA:9,2
DA:13,2
DA:14,2
DA:15,2
DA:17,1
DA:18,1
LF:11
LH:10
BRF:0
BRH:0
end_of_record
